Welcome to Termux! Docs: https://termux.dev/docs Donate: https://termux.dev/donate Community: https://termux.dev/community Working with packages: - Search: pkg search <query> - Install: pkg install <package> - Upgrade: pkg upgrade Subscribing to additional repositories: - Root: pkg install root-repo - X11: pkg install x11-repo For fixing any repository issues, try 'termux-change-repo' command. Report issues at https://termux.dev/issues [oh-my-zsh] Would you like to update? [Y/n] Y Updating Oh My Zsh master Features: - 2525dae [git] Use remote default branch to guess main branch (#13212) - 10b750a [kompost] Add plugin for kompose (#7729) - 61b144d [magic-enter plugin] Add support for jj to magic-enter plugin (#13241) - 680298e [spackenv] Adding Spackenv plugin (#13191) - 9d00a00 [tt] Add plugin tt (#8273) Bug fixes: - 266bc17 [chruby] Avoid adding PATH entries twice (#12980) - 28ac0e9 [juanghurtado] Changed text color to red when 'root' (#7104) You can see the changelog with omz changelog __ / /_ _ __ ___/ /_ / \/ \ / ` \/ / / / /_ / / _/ \ / /_/ / / / / / / / / / / /_/ / / /_(__ ) / / / \__/_/ /_/ /_/ /_/ /_/\, / /_/__/_/ /_/ /____/ Hooray! Oh My Zsh has been updated! To keep up with the latest news and updates, follow us on X: https://x.com/ohmyzsh Want to get involved in the community? Join our Discord: https://discord.gg/ohmyzsh Get your Oh My Zsh swag at: https://shop.planetargon.com/collections/oh-my-zsh [~]$ [~]$ ls AdvancedPhisher crear_clave_ssh.sh storage Room-Rent eje.py tabla_mult.py adso go termux-setup app.py max_num.py theme-switcher.sh auditoria_seguridad.sh nikto tools cambiar_tema_zsh.sh num_order.py vocales.py cambiar_tema_zsh_v2.sh sqlmap zphisher [~]$ ls --all -l total 428 drwx------. 17 u0_a378 u0_a378 3452 Sep 1 23:03 . drwxrwx--x. 18 u0_a378 u0_a378 3452 Aug 29 16:52 .. -rw-------. 1 u0_a378 u0_a378 1929 Aug 4 20:33 .bash_history drwx------. 6 u0_a378 u0_a378 3452 Aug 5 14:40 .cache drwx------. 3 u0_a378 u0_a378 3452 Aug 16 19:18 .config -rw-------. 1 u0_a378 u0_a378 66 Aug 15 23:57 .gitconfig -rw-------. 1 u0_a378 u0_a378 20 Aug 4 20:46 .lesshst drwx------. 13 u0_a378 u0_a378 3452 Aug 4 20:01 .oh-my-zsh -rw-------. 1 u0_a378 u0_a378 95555 Aug 4 21:19 .p10k.zsh -rw-------. 1 u0_a378 u0_a378 19 Aug 16 15:23 .python_history -rw-------. 1 u0_a378 u0_a378 41 Aug 4 20:01 .shell.pre-oh-my-zsh drwx------. 2 u0_a378 u0_a378 3452 Aug 15 23:57 .ssh drwx------. 2 u0_a378 u0_a378 3452 Aug 4 21:15 .termux -rw-------. 1 u0_a378 u0_a378 55057 Sep 1 23:03 .zcompdump-localhost-5.9 -r--------. 1 u0_a378 u0_a378 130408 Sep 1 23:03 .zcompdump-localhost-5.9.zwc -rw-------. 1 u0_a378 u0_a378 14511 Sep 1 23:03 .zsh_history -rw-------. 1 u0_a378 u0_a378 5026 Aug 5 14:42 .zshrc drwx------. 9 u0_a378 u0_a378 3452 Aug 29 16:46 AdvancedPhisher drwx------. 11 u0_a378 u0_a378 3452 Aug 16 00:01 Room-Rent drwx------. 3 u0_a378 u0_a378 3452 Aug 4 21:04 adso -rw-------. 1 u0_a378 u0_a378 27 Aug 16 16:01 app.py -rwx------. 1 u0_a378 u0_a378 3701 Aug 5 18:35 auditoria_seguridad.sh -rwx------. 1 u0_a378 u0_a378 948 Aug 4 20:31 cambiar_tema_zsh.sh -rwx------. 1 u0_a378 u0_a378 1512 Aug 4 20:42 cambiar_tema_zsh_v2.sh -rwx------. 1 u0_a378 u0_a378 634 Aug 4 19:36 crear_clave_ssh.sh -rw-------. 1 u0_a378 u0_a378 1386 Aug 30 16:15 eje.py drwx------. 4 u0_a378 u0_a378 3452 Aug 5 14:42 go î¥» -rw-------. 1 u0_a378 u0_a378 369 Aug 16 16:07 max_num.py drwx------. 7 u0_a378 u0_a378 3452 Aug 5 14:40 nikto -rw-------. 1 u0_a378 u0_a378 423 Aug 16 16:24 num_order.py drwx------. 11 u0_a378 u0_a378 3452 Aug 5 14:40 sqlmap drwx------. 2 u0_a378 u0_a378 3452 Aug 4 19:18 storage -rw-------. 1 u0_a378 u0_a378 233 Aug 16 16:14 tabla_mult.py drwx------. 3 u0_a378 u0_a378 3452 Aug 5 18:33 termux-setup -rwx------. 1 u0_a378 u0_a378 518 Aug 4 21:15 theme-switcher.sh drwx------. 7 u0_a378 u0_a378 3452 Aug 5 06:58 tools -rw-------. 1 u0_a378 u0_a378 484 Aug 16 16:18 vocales.py drwx------. 9 u0_a378 u0_a378 3452 Aug 28 01:50 zphisher [~]$ cd AdvancedPhisher [~/AdvancedPhisher]$ ls *[main] GUIA_ESTUDIANTES.md core install.sh simple_server.py LICENSE docs install_termux.sh templates README.md domains main.py venv TERMUX_GUIDE.md install.bat requirements.txt config install.py requirements_termux.txt [~/AdvancedPhisher]$ git pull origin main *[main] remote: Enumerating objects: 6, done. remote: Counting objects: 100% (6/6), done. remote: Compressing objects: 100% (4/4), done. remote: Total 5 (delta 1), reused 5 (delta 1), pack-reused 0 (from 0) Unpacking objects: 100% (5/5), 1.48 KiB | 303.00 KiB/s, done. From https://github.com/Jose-Bohorquez/AdvancedPhisher * branch main -> FETCH_HEAD 33b6d4d..dc71a4c main -> origin/main Updating 33b6d4d..dc71a4c Fast-forward logs/phisher.db | Bin 0 -> 40960 bytes logs/system.json | 12 ++++++++++++ 2 files changed, 12 insertions(+) create mode 100644 logs/phisher.db create mode 100644 logs/system.json [~/AdvancedPhisher]$ ls *[main] GUIA_ESTUDIANTES.md domains requirements.txt LICENSE install.bat requirements_termux.txt README.md install.py simple_server.py TERMUX_GUIDE.md install.sh templates config install_termux.sh venv core logs docs main.py [~/AdvancedPhisher]$ chmod +x install_termux.sh *[main] [~/AdvancedPhisher]$ ./install_termux.sh *[main] â•”â•â•â•â•â•â•â•â•â•â•â•â•â•â•â•â•â•â•â•â•â•â•â•â•â•â•â•â•â•â•â•â•â•â•â•â•â•â•â•â•â•â•â•â•â•â•â•â•â•â•â•â•â•â•â•â•â•â•â•â•â•â•â•— â•‘ ADVANCEDPHISHER v1.0 â•‘ â•‘ Instalador para Termux â•‘ â•‘ â•‘ â•‘ ğŸ¯ Framework Educativo de Phishing para Ciberseguridad â•‘ â•‘ ğŸ“± Optimizado para Android/Termux â•‘ â•‘ âš ï¸ SOLO PARA USO Ã‰TICO Y EDUCATIVO â•‘ â•šâ•â•â•â•â•â•â•â•â•â•â•â•â•â•â•â•â•â•â•â•â•â•â•â•â•â•â•â•â•â•â•â•â•â•â•â•â•â•â•â•â•â•â•â•â•â•â•â•â•â•â•â•â•â•â•â•â•â•â•â•â•â•â• â„¹ï¸ Iniciando instalaciÃ³n optimizada para Termux... ğŸ”§ [1/8] Actualizando paquetes de Termux... Esto puede tomar varios minutos la primera vez... âœ… Paquetes de Termux actualizados ğŸ”§ [2/8] Instalando dependencias del sistema... Instalando Python, git, y herramientas de compilaciÃ³n... âœ… Dependencias del sistema instaladas ğŸ”§ [3/8] Verificando Python... âœ… Python 3.12.11 detectado ğŸ”§ [4/8] Verificando pip... âœ… pip disponible ğŸ”§ [5/8] Actualizando pip y herramientas... âœ… pip y herramientas actualizadas ğŸ”§ [6/8] Instalando dependencias optimizadas para Termux... Usando requirements_termux.txt (sin dependencias problemÃ¡ticas)... Esto puede tomar 10-15 minutos... Ignoring subprocess32: markers 'python_version < "3.2"' don't match your environment Collecting Flask==2.3.3 (from -r requirements_termux.txt (line 5)) Using cached flask-2.3.3-py3-none-any.whl.metadata (3.6 kB) Collecting Werkzeug==2.3.7 (from -r requirements_termux.txt (line 6)) î¥» Using cached werkzeug-2.3.7-py3-none-any.whl.metadata (4.1 kB) Collecting Jinja2==3.1.2 (from -r requirements_termux.txt (line 7)) Using cached Jinja2-3.1.2-py3-none-any.whl.metadata (3.5 kB) Collecting MarkupSafe==2.1.3 (from -r requirements_termux.txt (line 8)) Using cached MarkupSafe-2.1.3.tar.gz (19 kB) Preparing metadata (setup.py) ... done Collecting click==8.1.7 (from -r requirements_termux.txt (line 9)) Using cached click-8.1.7-py3-none-any.whl.metadata (3.0 kB) Collecting itsdangerous==2.1.2 (from -r requirements_termux.txt (line 10)) Using cached itsdangerous-2.1.2-py3-none-any.whl.metadata (2.9 kB) Collecting requests==2.31.0 (from -r requirements_termux.txt (line 13)) Using cached requests-2.31.0-py3-none-any.whl.metadata (4.6 kB) Collecting urllib3==2.0.7 (from -r requirements_termux.txt (line 14)) Using cached urllib3-2.0.7-py3-none-any.whl.metadata (6.6 kB) Collecting certifi==2023.7.22 (from -r requirements_termux.txt (line 15)) Using cached certifi-2023.7.22-py3-none-any.whl.metadata (2.2 kB) Collecting charset-normalizer==3.3.0 (from -r requirements_termux.txt (line 16)) Using cached charset_normalizer-3.3.0-py3-none-any.whl.metadata (32 kB) Collecting idna==3.4 (from -r requirements_termux.txt (line 17)) Using cached idna-3.4-py3-none-any.whl.metadata (9.8 kB) Collecting pandas==2.1.1 (from -r requirements_termux.txt (line 20)) Using cached pandas-2.1.1.tar.gz (4.3 MB) Installing build dependencies ... / - error error: subprocess-exited-with-error Ã— pip subprocess to install build dependencies did not run successfully. â”‚ exit code: 1 â•°â”€> [223 lines of output] Ignoring oldest-supported-numpy: markers 'python_version < "3.12"' don't match your environment Collecting meson-python==0.13.1 Using cached meson_python-0.13.1-py3-none-any.whl.metadata (4.1 kB) Collecting meson==1.2.1 Using cached meson-1.2.1-py3-none-any.whl.metadata (1.7 kB) Collecting wheel Using cached wheel-0.45.1-py3-none-any.whl.metadata (2.3 kB) Collecting Cython<3,>=0.29.33 Using cached Cython-0.29.37-py2.py3-none-any.whl.metadata (3.1 kB) Collecting numpy>=1.26.0 Using cached numpy-2.3.2.tar.gz (20.5 MB) Installing build dependencies: started Installing build dependencies: finished with status 'done' Getting requirements to build wheel: started Getting requirements to build wheel: finished with status 'done' Installing backend dependencies: started Installing backend dependencies: still running... Installing backend dependencies: finished with status 'error' error: subprocess-exited-with-error Ã— pip subprocess to install backend dependencies did not run successfully. â”‚ exit code: 1 â•°â”€> [190 lines of output] Collecting ninja>=1.8.2 Using cached ninja-1.13.0.tar.gz (242 kB) Installing build dependencies: started Installing build dependencies: finished with status 'done' Getting requirements to build wheel: started Getting requirements to build wheel: finished with status 'done' Installing backend dependencies: started Installing backend dependencies: finished with status 'done' Preparing metadata (pyproject.toml): started Preparing metadata (pyproject.toml): finished with status 'done' Collecting patchelf>=0.11.0 Using cached patchelf-0.17.2.4-py3-none-linux_aarch64.whl Building wheels for collected packages: ninja Building wheel for ninja (pyproject.toml): started Building wheel for ninja (pyproject.toml): still running... Building wheel for ninja (pyproject.toml): finished with status 'error' error: subprocess-exited-with-error î¥» Ã— Building wheel for ninja (pyproject.toml) did not run successfully. â”‚ exit code: 1 â•°â”€> [160 lines of output] /data/data/com.termux/files/usr/tmp/pip-build-env-0tskqjiy/normal/lib/python3.12/site-packages/setuptools_scm/git.py:427: UserWarning: git archive did not support describe output warnings.warn("git archive did not support describe output") /data/data/com.termux/files/usr/tmp/pip-build-env-0tskqjiy/normal/lib/python3.12/site-packages/setuptools_scm/git.py:445: UserWarning: unprocessed git archival found (no export subst applied) warnings.warn("unprocessed git archival found (no export subst applied)") *** scikit-build-core 0.11.6 using CMake 4.1.1 (wheel) *** Configuring CMake... loading initial cache file build/py3-none-linux_aarch64/CMakeInit.txt -- The C compiler identification is Clang 20.1.8 -- The CXX compiler identification is Clang 20.1.8 -- Detecting C compiler ABI info -- Detecting C compiler ABI info - done -- Check for working C compiler: /data/data/com.termux/files/usr/bin/aarch64-linux-android-clang - skipped -- Detecting C compile features -- Detecting C compile features - done -- Detecting CXX compiler ABI info -- Detecting CXX compiler ABI info - done -- Check for working CXX compiler: /data/data/com.termux/files/usr/bin/aarch64-linux-android-clang++ - skipped -- Detecting CXX compile features -- Detecting CXX compile features - done -- ******** -- Ninja Python Distribution -- -- RUN_NINJA_TEST : OFF -- ******** -- IPO / LTO not supported: <Change Dir: '/data/data/com.termux/files/usr/tmp/pip-install-onj_vw_q/ninja_7f6ec9584ad44255b843e4973e828eaf/build/py3-none-linux_aarch64/ninja-upstream/CMakeFiles/_CMakeLTOTest-CXX/bin' Run Build Command(s): /data/data/com.termux/files/usr/bin/cmake -E env VERBOSE=1 /data/data/com.termux/files/usr/bin/make -f Makefile /data/data/com.termux/files/usr/bin/cmake -S/data/data/com.termux/files/usr/tmp/pip-install-onj_vw_q/ninja_7f6ec9584ad44255b843e4973e828eaf/build/py3-none-linux_aarch64/ninja-upstream/CMakeFiles/_CMakeLTOTest-CXX/src -B/data/data/com.termux/files/usr/tmp/pip-install-onj_vw_q/ninja_7f6ec9584ad44255b843e4973e828eaf/build/py3-none-linux_aarch64/ninja-upstream/CMakeFiles/_CMakeLTOTest-CXX/bin --check-build-system CMakeFiles/Makefile.cmake 0 /data/data/com.termux/files/usr/bin/cmake -E cmake_progress_start /data/data/com.termux/files/usr/tmp/pip-install-onj_vw_q/ninja_7f6ec9584ad44255b843e4973e828eaf/build/py3-none-linux_aarch64/ninja-upstream/CMakeFiles/_CMakeLTOTest-CXX/bin/CMakeFiles /data/data/com.termux/files/usr/tmp/pip-install-onj_vw_q/ninja_7f6ec9584ad44255b843e4973e828eaf/build/py3-none-linux_aarch64/ninja-upstream/CMakeFiles/_CMakeLTOTest-CXX/bin//CMakeFiles/progress.marks /data/data/com.termux/files/usr/bin/make -f CMakeFiles/Makefile2 all make[1]: Entering directory '/data/data/com.termux/files/usr/tmp/pip-install-onj_vw_q/ninja_7f6ec9584ad44255b843e4973e828eaf/build/py3-none-linux_aarch64/ninja-upstream/CMakeFiles/_CMakeLTOTest-CXX/bin' /data/data/com.termux/files/usr/bin/make -f CMakeFiles/foo.dir/build.make CMakeFiles/foo.dir/depend make[2]: Entering directory '/data/data/com.termux/files/usr/tmp/pip-install-onj_vw_q/ninja_7f6ec9584ad44255b843e4973e828eaf/build/py3-none-linux_aarch64/ninja-upstream/CMakeFiles/_CMakeLTOTest-CXX/bin' î¥» cd /data/data/com.termux/files/usr/tmp/pip-install-onj_vw_q/ninja_7f6ec9584ad44255b843e4973e828eaf/build/py3-none-linux_aarch64/ninja-upstream/CMakeFiles/_CMakeLTOTest-CXX/bin && /data/data/com.termux/files/usr/bin/cmake -E cmake_depends "Unix Makefiles" /data/data/com.termux/files/usr/tmp/pip-install-onj_vw_q/ninja_7f6ec9584ad44255b843e4973e828eaf/build/py3-none-linux_aarch64/ninja-upstream/CMakeFiles/_CMakeLTOTest-CXX/src /data/data/com.termux/files/usr/tmp/pip-install-onj_vw_q/ninja_7f6ec9584ad44255b843e4973e828eaf/build/py3-none-linux_aarch64/ninja-upstream/CMakeFiles/_CMakeLTOTest-CXX/src /data/data/com.termux/files/usr/tmp/pip-install-onj_vw_q/ninja_7f6ec9584ad44255b843e4973e828eaf/build/py3-none-linux_aarch64/ninja-upstream/CMakeFiles/_CMakeLTOTest-CXX/bin /data/data/com.termux/files/usr/tmp/pip-install-onj_vw_q/ninja_7f6ec9584ad44255b843e4973e828eaf/build/py3-none-linux_aarch64/ninja-upstream/CMakeFiles/_CMakeLTOTest-CXX/bin /data/data/com.termux/files/usr/tmp/pip-install-onj_vw_q/ninja_7f6ec9584ad44255b843e4973e828eaf/build/py3-none-linux_aarch64/ninja-upstream/CMakeFiles/_CMakeLTOTest-CXX/bin/CMakeFiles/foo.dir/DependInfo.cmake make[2]: Leaving directory '/data/data/com.termux/files/usr/tmp/pip-install-onj_vw_q/ninja_7f6ec9584ad44255b843e4973e828eaf/build/py3-none-linux_aarch64/ninja-upstream/CMakeFiles/_CMakeLTOTest-CXX/bin' /data/data/com.termux/files/usr/bin/make -f CMakeFiles/foo.dir/build.make CMakeFiles/foo.dir/build make[2]: Entering directory '/data/data/com.termux/files/usr/tmp/pip-install-onj_vw_q/ninja_7f6ec9584ad44255b843e4973e828eaf/build/py3-none-linux_aarch64/ninja-upstream/CMakeFiles/_CMakeLTOTest-CXX/bin' [ 25%] Building CXX object CMakeFiles/foo.dir/foo.cpp.o /data/data/com.termux/files/usr/bin/aarch64-linux-android-clang++ -O2 -g -DNDEBUG -flto=thin -MD -MT CMakeFiles/foo.dir/foo.cpp.o -MF CMakeFiles/foo.dir/foo.cpp.o.d -o CMakeFiles/foo.dir/foo.cpp.o -c /data/data/com.termux/files/usr/tmp/pip-install-onj_vw_q/ninja_7f6ec9584ad44255b843e4973e828eaf/build/py3-none-linux_aarch64/ninja-upstream/CMakeFiles/_CMakeLTOTest-CXX/src/foo.cpp [ 50%] Linking CXX static library libfoo.a /data/data/com.termux/files/usr/bin/cmake -P CMakeFiles/foo.dir/cmake_clean_target.cmake /data/data/com.termux/files/usr/bin/cmake -E cmake_link_script CMakeFiles/foo.dir/link.txt --verbose=1 "/data/data/com.termux/files/usr/bin/llvm-ar" qc libfoo.a CMakeFiles/foo.dir/foo.cpp.o "/data/data/com.termux/files/usr/bin/llvm-ranlib" libfoo.a make[2]: Leaving directory '/data/data/com.termux/files/usr/tmp/pip-install-onj_vw_q/ninja_7f6ec9584ad44255b843e4973e828eaf/build/py3-none-linux_aarch64/ninja-upstream/CMakeFiles/_CMakeLTOTest-CXX/bin' [ 50%] Built target foo /data/data/com.termux/files/usr/bin/make -f CMakeFiles/boo.dir/build.make CMakeFiles/boo.dir/depend make[2]: Entering directory '/data/data/com.termux/files/usr/tmp/pip-install-onj_vw_q/ninja_7f6ec9584ad44255b843e4973e828eaf/build/py3-none-linux_aarch64/ninja-upstream/CMakeFiles/_CMakeLTOTest-CXX/bin' cd /data/data/com.termux/files/usr/tmp/pip-install-onj_vw_q/ninja_7f6ec9584ad44255b843e4973e828eaf/build/py3-none-linux_aarch64/ninja-upstream/CMakeFiles/_CMakeLTOTest-CXX/bin && /data/data/com.termux/files/usr/bin/cmake -E cmake_depends "Unix Makefiles" /data/data/com.termux/files/usr/tmp/pip-install-onj_vw_q/ninja_7f6ec9584ad44255b843e4973e828eaf/build/py3-none-linux_aarch64/ninja-upstream/CMakeFiles/_CMakeLTOTest-CXX/src /data/data/com.termux/files/usr/tmp/pip-install-onj_vw_q/ninja_7f6ec9584ad44255b843e4973e828eaf/build/py3-none-linux_aarch64/ninja-upstream/CMakeFiles/_CMakeLTOTest-CXX/src /data/data/com.termux/files/usr/tmp/pip-install-onj_vw_q/ninja_7f6ec9584ad44255b843e4973e828eaf/build/py3-none-linux_aarch64/ninja-upstream/CMakeFiles/_CMakeLTOTest-CXX/bin î¥» /data/data/com.termux/files/usr/tmp/pip-install-onj_vw_q/ninja_7f6ec9584ad44255b843e4973e828eaf/build/py3-none-linux_aarch64/ninja-upstream/CMakeFiles/_CMakeLTOTest-CXX/bin /data/data/com.termux/files/usr/tmp/pip-install-onj_vw_q/ninja_7f6ec9584ad44255b843e4973e828eaf/build/py3-none-linux_aarch64/ninja-upstream/CMakeFiles/_CMakeLTOTest-CXX/bin/CMakeFiles/boo.dir/DependInfo.cmake make[2]: Leaving directory '/data/data/com.termux/files/usr/tmp/pip-install-onj_vw_q/ninja_7f6ec9584ad44255b843e4973e828eaf/build/py3-none-linux_aarch64/ninja-upstream/CMakeFiles/_CMakeLTOTest-CXX/bin' /data/data/com.termux/files/usr/bin/make -f CMakeFiles/boo.dir/build.make CMakeFiles/boo.dir/build make[2]: Entering directory '/data/data/com.termux/files/usr/tmp/pip-install-onj_vw_q/ninja_7f6ec9584ad44255b843e4973e828eaf/build/py3-none-linux_aarch64/ninja-upstream/CMakeFiles/_CMakeLTOTest-CXX/bin' [ 75%] Building CXX object CMakeFiles/boo.dir/main.cpp.o /data/data/com.termux/files/usr/bin/aarch64-linux-android-clang++ -O2 -g -DNDEBUG -flto=thin -MD -MT CMakeFiles/boo.dir/main.cpp.o -MF CMakeFiles/boo.dir/main.cpp.o.d -o CMakeFiles/boo.dir/main.cpp.o -c /data/data/com.termux/files/usr/tmp/pip-install-onj_vw_q/ninja_7f6ec9584ad44255b843e4973e828eaf/build/py3-none-linux_aarch64/ninja-upstream/CMakeFiles/_CMakeLTOTest-CXX/src/main.cpp [100%] Linking CXX executable boo /data/data/com.termux/files/usr/bin/cmake -E cmake_link_script CMakeFiles/boo.dir/link.txt --verbose=1 clang++: error: invalid linker name in argument '-fuse-ld=gold' clang++: error: invalid linker name in argument '-fuse-ld=gold' /data/data/com.termux/files/usr/bin/aarch64-linux-android-clang++ -O2 -g -DNDEBUG -flto=thin -fuse-ld=gold CMakeFiles/boo.dir/main.cpp.o -o boo libfoo.a make[2]: *** [CMakeFiles/boo.dir/build.make:104: boo] Error 1 make[2]: Leaving directory '/data/data/com.termux/files/usr/tmp/pip-install-onj_vw_q/ninja_7f6ec9584ad44255b843e4973e828eaf/build/py3-none-linux_aarch64/ninja-upstream/CMakeFiles/_CMakeLTOTest-CXX/bin' make[1]: *** [CMakeFiles/Makefile2:125: CMakeFiles/boo.dir/all] Error 2 make[1]: Leaving directory '/data/data/com.termux/files/usr/tmp/pip-install-onj_vw_q/ninja_7f6ec9584ad44255b843e4973e828eaf/build/py3-none-linux_aarch64/ninja-upstream/CMakeFiles/_CMakeLTOTest-CXX/bin' make: *** [Makefile:94: all] Error 2 > -- Performing Test flag_no_deprecated -- Performing Test flag_no_deprecated - Success -- Looking for ppoll -- Looking for ppoll - found CMake Warning at ninja-upstream/CMakeLists.txt:82 (message): re2c 2 or later was not found; changes to src/*.in.cc will not affect your build. -- Looking for fork -- Looking for fork - found -- Looking for pipe -- Looking for pipe - found -- Could NOT find GTest (missing: GTEST_LIBRARY GTEST_INCLUDE_DIR GTEST_MAIN_LIBRARY) CMake Deprecation Warning at build/py3-none-linux_aarch64/_deps/googletest-src/CMakeLists.txt:4 (cmake_minimum_required): Compatibility with CMake < 3.10 will be removed from a future version of CMake. Update the VERSION argument <min> value. Or, use the <min>...<max> syntax to tell CMake that the project requires at least <min> but has been updated to work with policies introduced by <max> or earlier. î¥» CMake Deprecation Warning at build/py3-none-linux_aarch64/_deps/googletest-src/googlemock/CMakeLists.txt:39 (cmake_minimum_required): Compatibility with CMake < 3.10 will be removed from a future version of CMake. Update the VERSION argument <min> value. Or, use the <min>...<max> syntax to tell CMake that the project requires at least <min> but has been updated to work with policies introduced by <max> or earlier. CMake Deprecation Warning at build/py3-none-linux_aarch64/_deps/googletest-src/googletest/CMakeLists.txt:49 (cmake_minimum_required): Compatibility with CMake < 3.10 will be removed from a future version of CMake. Update the VERSION argument <min> value. Or, use the <min>...<max> syntax to tell CMake that the project requires at least <min> but has been updated to work with policies introduced by <max> or earlier. -- Found Python: /data/data/com.termux/files/usr/bin/python3.12 (found version "3.12.11") found components: Interpreter -- Performing Test CMAKE_HAVE_LIBC_PTHREAD -- Performing Test CMAKE_HAVE_LIBC_PTHREAD - Failed -- Looking for pthread_create in pthreads -- Looking for pthread_create in pthreads - not found -- Looking for pthread_create in pthread -- Looking for pthread_create in pthread - found -- Found Threads: TRUE -- Configuring done (8.5s) -- Generating done (0.1s) -- Build files have been written to: /data/data/com.termux/files/usr/tmp/pip-install-onj_vw_q/ninja_7f6ec9584ad44255b843e4973e828eaf/build/py3-none-linux_aarch64 *** Building project with Unix Makefiles... [ 1%] Building CXX object ninja-upstream/CMakeFiles/libninja-re2c.dir/src/depfile_parser.cc.o [ 2%] Building CXX object ninja-upstream/CMakeFiles/libninja-re2c.dir/src/lexer.cc.o [ 2%] Built target libninja-re2c [ 3%] Building CXX object ninja-upstream/CMakeFiles/libninja.dir/src/build_log.cc.o [ 4%] Building CXX object ninja-upstream/CMakeFiles/libninja.dir/src/build.cc.o [ 6%] Building CXX object ninja-upstream/CMakeFiles/libninja.dir/src/clean.cc.o [ 7%] Building CXX object ninja-upstream/CMakeFiles/libninja.dir/src/clparser.cc.o [ 8%] Building CXX object ninja-upstream/CMakeFiles/libninja.dir/src/dyndep.cc.o [ 9%] Building CXX object ninja-upstream/CMakeFiles/libninja.dir/src/dyndep_parser.cc.o [ 11%] Building CXX object ninja-upstream/CMakeFiles/libninja.dir/src/debug_flags.cc.o [ 12%] Building CXX object ninja-upstream/CMakeFiles/libninja.dir/src/deps_log.cc.o [ 13%] Building CXX object ninja-upstream/CMakeFiles/libninja.dir/src/disk_interface.cc.o [ 14%] Building CXX object ninja-upstream/CMakeFiles/libninja.dir/src/edit_distance.cc.o [ 16%] Building CXX object ninja-upstream/CMakeFiles/libninja.dir/src/elide_middle.cc.o [ 17%] Building CXX object ninja-upstream/CMakeFiles/libninja.dir/src/eval_env.cc.o [ 18%] Building CXX object ninja-upstream/CMakeFiles/libninja.dir/src/graph.cc.o [ 19%] Building CXX object ninja-upstream/CMakeFiles/libninja.dir/src/graphviz.cc.o [ 20%] Building CXX object ninja-upstream/CMakeFiles/libninja.dir/src/jobserver.cc.o [ 22%] Building CXX object ninja-upstream/CMakeFiles/libninja.dir/src/json.cc.o î¥» [ 23%] Building CXX object ninja-upstream/CMakeFiles/libninja.dir/src/line_printer.cc.o [ 24%] Building CXX object ninja-upstream/CMakeFiles/libninja.dir/src/manifest_parser.cc.o [ 25%] Building CXX object ninja-upstream/CMakeFiles/libninja.dir/src/metrics.cc.o [ 27%] Building CXX object ninja-upstream/CMakeFiles/libninja.dir/src/missing_deps.cc.o [ 28%] Building CXX object ninja-upstream/CMakeFiles/libninja.dir/src/parser.cc.o [ 29%] Building CXX object ninja-upstream/CMakeFiles/libninja.dir/src/real_command_runner.cc.o [ 30%] Building CXX object ninja-upstream/CMakeFiles/libninja.dir/src/state.cc.o [ 32%] Building CXX object ninja-upstream/CMakeFiles/libninja.dir/src/status_printer.cc.o [ 33%] Building CXX object ninja-upstream/CMakeFiles/libninja.dir/src/string_piece_util.cc.o [ 34%] Building CXX object ninja-upstream/CMakeFiles/libninja.dir/src/util.cc.o [ 35%] Building CXX object ninja-upstream/CMakeFiles/libninja.dir/src/version.cc.o [ 37%] Building CXX object ninja-upstream/CMakeFiles/libninja.dir/src/jobserver-posix.cc.o [ 38%] Building CXX object ninja-upstream/CMakeFiles/libninja.dir/src/subprocess-posix.cc.o /data/data/com.termux/files/usr/tmp/pip-install-onj_vw_q/ninja_7f6ec9584ad44255b843e4973e828eaf/ninja-upstream/src/subprocess-posix.cc:26:10: fatal error: 'spawn.h' file not found 26 | #include <spawn.h> | ^~~~~ 1 error generated. make[2]: *** [ninja-upstream/CMakeFiles/libninja.dir/build.make:471: ninja-upstream/CMakeFiles/libninja.dir/src/subprocess-posix.cc.o] Error 1 make[1]: *** [CMakeFiles/Makefile2:265: ninja-upstream/CMakeFiles/libninja.dir/all] Error 2 make: *** [Makefile:136: all] Error 2 *** CMake build failed [end of output] note: This error originates from a subprocess, and is likely not a problem with pip. ERROR: Failed building wheel for ninja Failed to build ninja error: failed-wheel-build-for-install Ã— Failed to build installable wheels for some pyproject.toml based projects â•°â”€> ninja [end of output] note: This error originates from a subprocess, and is likely not a problem with pip. error: subprocess-exited-with-error Ã— pip subprocess to install backend dependencies did not run successfully. â”‚ exit code: 1 â•°â”€> See above for output. note: This error originates from a subprocess, and is likely not a problem with pip. [end of output] note: This error originates from a subprocess, and is likely not a problem with pip. error: subprocess-exited-with-error Ã— pip subprocess to install build dependencies did not run successfully. â”‚ exit code: 1 â•°â”€> See above for output. note: This error originates from a subprocess, and is likely not a problem with pip. âš ï¸ Algunas dependencias fallaron, intentando instalaciÃ³n bÃ¡sica... Collecting flask Using cached flask-3.1.2-py3-none-any.whl.metadata (3.2 kB) Requirement already satisfied: requests in /data/data/com.termux/files/usr/lib/python3.12/site-packages (2.32.4) Collecting pandas Using cached pandas-2.3.2.tar.gz (4.5 MB) Installing build dependencies ... | error error: subprocess-exited-with-error Ã— pip subprocess to install build dependencies did not run successfully. â”‚ exit code: 1 â•°â”€> [222 lines of output] Collecting meson-python>=0.13.1 Using cached meson_python-0.18.0-py3-none-any.whl.metadata (2.8 kB) î¥» Collecting meson<2,>=1.2.1 Using cached meson-1.9.0-py3-none-any.whl.metadata (1.8 kB) Collecting wheel Using cached wheel-0.45.1-py3-none-any.whl.metadata (2.3 kB) Collecting Cython<4.0.0a0 Using cached cython-3.1.3-py3-none-any.whl.metadata (4.5 kB) Collecting numpy>=2.0 Using cached numpy-2.3.2.tar.gz (20.5 MB) Installing build dependencies: started Installing build dependencies: finished with status 'done' Getting requirements to build wheel: started Getting requirements to build wheel: finished with status 'done' Installing backend dependencies: started Installing backend dependencies: still running... Installing backend dependencies: finished with status 'error' error: subprocess-exited-with-error Ã— pip subprocess to install backend dependencies did not run successfully. â”‚ exit code: 1 â•°â”€> [190 lines of output] Collecting patchelf>=0.11.0 Using cached patchelf-0.17.2.4-py3-none-linux_aarch64.whl Collecting ninja>=1.8.2 Using cached ninja-1.13.0.tar.gz (242 kB) Installing build dependencies: started Installing build dependencies: finished with status 'done' Getting requirements to build wheel: started Getting requirements to build wheel: finished with status 'done' Installing backend dependencies: started Installing backend dependencies: finished with status 'done' Preparing metadata (pyproject.toml): started Preparing metadata (pyproject.toml): finished with status 'done' Building wheels for collected packages: ninja Building wheel for ninja (pyproject.toml): started Building wheel for ninja (pyproject.toml): still running... Building wheel for ninja (pyproject.toml): finished with status 'error' error: subprocess-exited-with-error Ã— Building wheel for ninja (pyproject.toml) did not run successfully. â”‚ exit code: 1 â•°â”€> [160 lines of output] /data/data/com.termux/files/usr/tmp/pip-build-env-v28sycbs/normal/lib/python3.12/site-packages/setuptools_scm/git.py:427: UserWarning: git archive did not support describe output warnings.warn("git archive did not support describe output") /data/data/com.termux/files/usr/tmp/pip-build-env-v28sycbs/normal/lib/python3.12/site-packages/setuptools_scm/git.py:445: UserWarning: unprocessed git archival found (no export subst applied) warnings.warn("unprocessed git archival found (no export subst applied)") *** scikit-build-core 0.11.6 using CMake 4.1.1 (wheel) *** Configuring CMake... loading initial cache file build/py3-none-linux_aarch64/CMakeInit.txt -- The C compiler identification is Clang 20.1.8 -- The CXX compiler identification is Clang 20.1.8 -- Detecting C compiler ABI info -- Detecting C compiler ABI info - done -- Check for working C compiler: /data/data/com.termux/files/usr/bin/aarch64-linux-android-clang - skipped -- Detecting C compile features -- Detecting C compile features - done -- Detecting CXX compiler ABI info -- Detecting CXX compiler ABI info - done -- Check for working CXX compiler: /data/data/com.termux/files/usr/bin/aarch64-linux-android-clang++ - skipped -- Detecting CXX compile features -- Detecting CXX compile features - done î¥» -- ******** -- Ninja Python Distribution -- -- RUN_NINJA_TEST : OFF -- ******** -- IPO / LTO not supported: <Change Dir: '/data/data/com.termux/files/usr/tmp/pip-install-mpw9pq2f/ninja_009cc7b8ca9147cdb1c72874ba2c5b29/build/py3-none-linux_aarch64/ninja-upstream/CMakeFiles/_CMakeLTOTest-CXX/bin' Run Build Command(s): /data/data/com.termux/files/usr/bin/cmake -E env VERBOSE=1 /data/data/com.termux/files/usr/bin/make -f Makefile /data/data/com.termux/files/usr/bin/cmake -S/data/data/com.termux/files/usr/tmp/pip-install-mpw9pq2f/ninja_009cc7b8ca9147cdb1c72874ba2c5b29/build/py3-none-linux_aarch64/ninja-upstream/CMakeFiles/_CMakeLTOTest-CXX/src -B/data/data/com.termux/files/usr/tmp/pip-install-mpw9pq2f/ninja_009cc7b8ca9147cdb1c72874ba2c5b29/build/py3-none-linux_aarch64/ninja-upstream/CMakeFiles/_CMakeLTOTest-CXX/bin --check-build-system CMakeFiles/Makefile.cmake 0 /data/data/com.termux/files/usr/bin/cmake -E cmake_progress_start /data/data/com.termux/files/usr/tmp/pip-install-mpw9pq2f/ninja_009cc7b8ca9147cdb1c72874ba2c5b29/build/py3-none-linux_aarch64/ninja-upstream/CMakeFiles/_CMakeLTOTest-CXX/bin/CMakeFiles /data/data/com.termux/files/usr/tmp/pip-install-mpw9pq2f/ninja_009cc7b8ca9147cdb1c72874ba2c5b29/build/py3-none-linux_aarch64/ninja-upstream/CMakeFiles/_CMakeLTOTest-CXX/bin//CMakeFiles/progress.marks /data/data/com.termux/files/usr/bin/make -f CMakeFiles/Makefile2 all make[1]: Entering directory '/data/data/com.termux/files/usr/tmp/pip-install-mpw9pq2f/ninja_009cc7b8ca9147cdb1c72874ba2c5b29/build/py3-none-linux_aarch64/ninja-upstream/CMakeFiles/_CMakeLTOTest-CXX/bin' /data/data/com.termux/files/usr/bin/make -f CMakeFiles/foo.dir/build.make CMakeFiles/foo.dir/depend make[2]: Entering directory '/data/data/com.termux/files/usr/tmp/pip-install-mpw9pq2f/ninja_009cc7b8ca9147cdb1c72874ba2c5b29/build/py3-none-linux_aarch64/ninja-upstream/CMakeFiles/_CMakeLTOTest-CXX/bin' cd /data/data/com.termux/files/usr/tmp/pip-install-mpw9pq2f/ninja_009cc7b8ca9147cdb1c72874ba2c5b29/build/py3-none-linux_aarch64/ninja-upstream/CMakeFiles/_CMakeLTOTest-CXX/bin && /data/data/com.termux/files/usr/bin/cmake -E cmake_depends "Unix Makefiles" /data/data/com.termux/files/usr/tmp/pip-install-mpw9pq2f/ninja_009cc7b8ca9147cdb1c72874ba2c5b29/build/py3-none-linux_aarch64/ninja-upstream/CMakeFiles/_CMakeLTOTest-CXX/src /data/data/com.termux/files/usr/tmp/pip-install-mpw9pq2f/ninja_009cc7b8ca9147cdb1c72874ba2c5b29/build/py3-none-linux_aarch64/ninja-upstream/CMakeFiles/_CMakeLTOTest-CXX/src /data/data/com.termux/files/usr/tmp/pip-install-mpw9pq2f/ninja_009cc7b8ca9147cdb1c72874ba2c5b29/build/py3-none-linux_aarch64/ninja-upstream/CMakeFiles/_CMakeLTOTest-CXX/bin /data/data/com.termux/files/usr/tmp/pip-install-mpw9pq2f/ninja_009cc7b8ca9147cdb1c72874ba2c5b29/build/py3-none-linux_aarch64/ninja-upstream/CMakeFiles/_CMakeLTOTest-CXX/bin /data/data/com.termux/files/usr/tmp/pip-install-mpw9pq2f/ninja_009cc7b8ca9147cdb1c72874ba2c5b29/build/py3-none-linux_aarch64/ninja-upstream/CMakeFiles/_CMakeLTOTest-CXX/bin/CMakeFiles/foo.dir/DependInfo.cmake make[2]: Leaving directory '/data/data/com.termux/files/usr/tmp/pip-install-mpw9pq2f/ninja_009cc7b8ca9147cdb1c72874ba2c5b29/build/py3-none-linux_aarch64/ninja-upstream/CMakeFiles/_CMakeLTOTest-CXX/bin' /data/data/com.termux/files/usr/bin/make -f CMakeFiles/foo.dir/build.make CMakeFiles/foo.dir/build make[2]: Entering directory '/data/data/com.termux/files/usr/tmp/pip-install-mpw9pq2f/ninja_009cc7b8ca9147cdb1c72874ba2c5b29/build/py3-none-linux_aarch64/ninja-upstream/CMakeFiles/_CMakeLTOTest-CXX/bin' î¥» [ 25%] Building CXX object CMakeFiles/foo.dir/foo.cpp.o /data/data/com.termux/files/usr/bin/aarch64-linux-android-clang++ -O2 -g -DNDEBUG -flto=thin -MD -MT CMakeFiles/foo.dir/foo.cpp.o -MF CMakeFiles/foo.dir/foo.cpp.o.d -o CMakeFiles/foo.dir/foo.cpp.o -c /data/data/com.termux/files/usr/tmp/pip-install-mpw9pq2f/ninja_009cc7b8ca9147cdb1c72874ba2c5b29/build/py3-none-linux_aarch64/ninja-upstream/CMakeFiles/_CMakeLTOTest-CXX/src/foo.cpp [ 50%] Linking CXX static library libfoo.a /data/data/com.termux/files/usr/bin/cmake -P CMakeFiles/foo.dir/cmake_clean_target.cmake /data/data/com.termux/files/usr/bin/cmake -E cmake_link_script CMakeFiles/foo.dir/link.txt --verbose=1 "/data/data/com.termux/files/usr/bin/llvm-ar" qc libfoo.a CMakeFiles/foo.dir/foo.cpp.o "/data/data/com.termux/files/usr/bin/llvm-ranlib" libfoo.a make[2]: Leaving directory '/data/data/com.termux/files/usr/tmp/pip-install-mpw9pq2f/ninja_009cc7b8ca9147cdb1c72874ba2c5b29/build/py3-none-linux_aarch64/ninja-upstream/CMakeFiles/_CMakeLTOTest-CXX/bin' [ 50%] Built target foo /data/data/com.termux/files/usr/bin/make -f CMakeFiles/boo.dir/build.make CMakeFiles/boo.dir/depend make[2]: Entering directory '/data/data/com.termux/files/usr/tmp/pip-install-mpw9pq2f/ninja_009cc7b8ca9147cdb1c72874ba2c5b29/build/py3-none-linux_aarch64/ninja-upstream/CMakeFiles/_CMakeLTOTest-CXX/bin' cd /data/data/com.termux/files/usr/tmp/pip-install-mpw9pq2f/ninja_009cc7b8ca9147cdb1c72874ba2c5b29/build/py3-none-linux_aarch64/ninja-upstream/CMakeFiles/_CMakeLTOTest-CXX/bin && /data/data/com.termux/files/usr/bin/cmake -E cmake_depends "Unix Makefiles" /data/data/com.termux/files/usr/tmp/pip-install-mpw9pq2f/ninja_009cc7b8ca9147cdb1c72874ba2c5b29/build/py3-none-linux_aarch64/ninja-upstream/CMakeFiles/_CMakeLTOTest-CXX/src /data/data/com.termux/files/usr/tmp/pip-install-mpw9pq2f/ninja_009cc7b8ca9147cdb1c72874ba2c5b29/build/py3-none-linux_aarch64/ninja-upstream/CMakeFiles/_CMakeLTOTest-CXX/src /data/data/com.termux/files/usr/tmp/pip-install-mpw9pq2f/ninja_009cc7b8ca9147cdb1c72874ba2c5b29/build/py3-none-linux_aarch64/ninja-upstream/CMakeFiles/_CMakeLTOTest-CXX/bin /data/data/com.termux/files/usr/tmp/pip-install-mpw9pq2f/ninja_009cc7b8ca9147cdb1c72874ba2c5b29/build/py3-none-linux_aarch64/ninja-upstream/CMakeFiles/_CMakeLTOTest-CXX/bin /data/data/com.termux/files/usr/tmp/pip-install-mpw9pq2f/ninja_009cc7b8ca9147cdb1c72874ba2c5b29/build/py3-none-linux_aarch64/ninja-upstream/CMakeFiles/_CMakeLTOTest-CXX/bin/CMakeFiles/boo.dir/DependInfo.cmake make[2]: Leaving directory '/data/data/com.termux/files/usr/tmp/pip-install-mpw9pq2f/ninja_009cc7b8ca9147cdb1c72874ba2c5b29/build/py3-none-linux_aarch64/ninja-upstream/CMakeFiles/_CMakeLTOTest-CXX/bin' /data/data/com.termux/files/usr/bin/make -f CMakeFiles/boo.dir/build.make CMakeFiles/boo.dir/build make[2]: Entering directory '/data/data/com.termux/files/usr/tmp/pip-install-mpw9pq2f/ninja_009cc7b8ca9147cdb1c72874ba2c5b29/build/py3-none-linux_aarch64/ninja-upstream/CMakeFiles/_CMakeLTOTest-CXX/bin' [ 75%] Building CXX object CMakeFiles/boo.dir/main.cpp.o /data/data/com.termux/files/usr/bin/aarch64-linux-android-clang++ -O2 -g -DNDEBUG -flto=thin -MD -MT CMakeFiles/boo.dir/main.cpp.o -MF CMakeFiles/boo.dir/main.cpp.o.d -o CMakeFiles/boo.dir/main.cpp.o -c /data/data/com.termux/files/usr/tmp/pip-install-mpw9pq2f/ninja_009cc7b8ca9147cdb1c72874ba2c5b29/build/py3-none-linux_aarch64/ninja-upstream/CMakeFiles/_CMakeLTOTest-CXX/src/main.cpp [100%] Linking CXX executable boo î¥» /data/data/com.termux/files/usr/bin/cmake -E cmake_link_script CMakeFiles/boo.dir/link.txt --verbose=1 clang++: error: invalid linker name in argument '-fuse-ld=gold' clang++: error: invalid linker name in argument '-fuse-ld=gold' /data/data/com.termux/files/usr/bin/aarch64-linux-android-clang++ -O2 -g -DNDEBUG -flto=thin -fuse-ld=gold CMakeFiles/boo.dir/main.cpp.o -o boo libfoo.a make[2]: *** [CMakeFiles/boo.dir/build.make:104: boo] Error 1 make[2]: Leaving directory '/data/data/com.termux/files/usr/tmp/pip-install-mpw9pq2f/ninja_009cc7b8ca9147cdb1c72874ba2c5b29/build/py3-none-linux_aarch64/ninja-upstream/CMakeFiles/_CMakeLTOTest-CXX/bin' make[1]: *** [CMakeFiles/Makefile2:125: CMakeFiles/boo.dir/all] Error 2 make[1]: Leaving directory '/data/data/com.termux/files/usr/tmp/pip-install-mpw9pq2f/ninja_009cc7b8ca9147cdb1c72874ba2c5b29/build/py3-none-linux_aarch64/ninja-upstream/CMakeFiles/_CMakeLTOTest-CXX/bin' make: *** [Makefile:94: all] Error 2 > -- Performing Test flag_no_deprecated -- Performing Test flag_no_deprecated - Success -- Looking for ppoll -- Looking for ppoll - found CMake Warning at ninja-upstream/CMakeLists.txt:82 (message): re2c 2 or later was not found; changes to src/*.in.cc will not affect your build. -- Looking for fork -- Looking for fork - found -- Looking for pipe -- Looking for pipe - found -- Could NOT find GTest (missing: GTEST_LIBRARY GTEST_INCLUDE_DIR GTEST_MAIN_LIBRARY) CMake Deprecation Warning at build/py3-none-linux_aarch64/_deps/googletest-src/CMakeLists.txt:4 (cmake_minimum_required): Compatibility with CMake < 3.10 will be removed from a future version of CMake. Update the VERSION argument <min> value. Or, use the <min>...<max> syntax to tell CMake that the project requires at least <min> but has been updated to work with policies introduced by <max> or earlier. CMake Deprecation Warning at build/py3-none-linux_aarch64/_deps/googletest-src/googlemock/CMakeLists.txt:39 (cmake_minimum_required): Compatibility with CMake < 3.10 will be removed from a future version of CMake. Update the VERSION argument <min> value. Or, use the <min>...<max> syntax to tell CMake that the project requires at least <min> but has been updated to work with policies introduced by <max> or earlier. CMake Deprecation Warning at build/py3-none-linux_aarch64/_deps/googletest-src/googletest/CMakeLists.txt:49 (cmake_minimum_required): Compatibility with CMake < 3.10 will be removed from a future version of CMake. Update the VERSION argument <min> value. Or, use the <min>...<max> syntax to tell CMake that the project requires at least <min> but has been updated to work with policies introduced by <max> or earlier. -- Found Python: /data/data/com.termux/files/usr/bin/python3.12 (found version "3.12.11") found components: Interpreter -- Performing Test CMAKE_HAVE_LIBC_PTHREAD -- Performing Test CMAKE_HAVE_LIBC_PTHREAD - Failed -- Looking for pthread_create in pthreads -- Looking for pthread_create in pthreads - not found î¥» -- Looking for pthread_create in pthread -- Looking for pthread_create in pthread - found -- Found Threads: TRUE -- Configuring done (7.7s) -- Generating done (0.1s) -- Build files have been written to: /data/data/com.termux/files/usr/tmp/pip-install-mpw9pq2f/ninja_009cc7b8ca9147cdb1c72874ba2c5b29/build/py3-none-linux_aarch64 *** Building project with Unix Makefiles... [ 1%] Building CXX object ninja-upstream/CMakeFiles/libninja-re2c.dir/src/depfile_parser.cc.o [ 2%] Building CXX object ninja-upstream/CMakeFiles/libninja-re2c.dir/src/lexer.cc.o [ 2%] Built target libninja-re2c [ 3%] Building CXX object ninja-upstream/CMakeFiles/libninja.dir/src/build_log.cc.o [ 4%] Building CXX object ninja-upstream/CMakeFiles/libninja.dir/src/build.cc.o [ 6%] Building CXX object ninja-upstream/CMakeFiles/libninja.dir/src/clean.cc.o [ 7%] Building CXX object ninja-upstream/CMakeFiles/libninja.dir/src/clparser.cc.o [ 8%] Building CXX object ninja-upstream/CMakeFiles/libninja.dir/src/dyndep.cc.o [ 9%] Building CXX object ninja-upstream/CMakeFiles/libninja.dir/src/dyndep_parser.cc.o [ 11%] Building CXX object ninja-upstream/CMakeFiles/libninja.dir/src/debug_flags.cc.o [ 12%] Building CXX object ninja-upstream/CMakeFiles/libninja.dir/src/deps_log.cc.o [ 13%] Building CXX object ninja-upstream/CMakeFiles/libninja.dir/src/disk_interface.cc.o [ 14%] Building CXX object ninja-upstream/CMakeFiles/libninja.dir/src/edit_distance.cc.o [ 16%] Building CXX object ninja-upstream/CMakeFiles/libninja.dir/src/elide_middle.cc.o [ 17%] Building CXX object ninja-upstream/CMakeFiles/libninja.dir/src/eval_env.cc.o [ 18%] Building CXX object ninja-upstream/CMakeFiles/libninja.dir/src/graph.cc.o [ 19%] Building CXX object ninja-upstream/CMakeFiles/libninja.dir/src/graphviz.cc.o [ 20%] Building CXX object ninja-upstream/CMakeFiles/libninja.dir/src/jobserver.cc.o [ 22%] Building CXX object ninja-upstream/CMakeFiles/libninja.dir/src/json.cc.o [ 23%] Building CXX object ninja-upstream/CMakeFiles/libninja.dir/src/line_printer.cc.o [ 24%] Building CXX object ninja-upstream/CMakeFiles/libninja.dir/src/manifest_parser.cc.o [ 25%] Building CXX object ninja-upstream/CMakeFiles/libninja.dir/src/metrics.cc.o [ 27%] Building CXX object ninja-upstream/CMakeFiles/libninja.dir/src/missing_deps.cc.o [ 28%] Building CXX object ninja-upstream/CMakeFiles/libninja.dir/src/parser.cc.o [ 29%] Building CXX object ninja-upstream/CMakeFiles/libninja.dir/src/real_command_runner.cc.o [ 30%] Building CXX object ninja-upstream/CMakeFiles/libninja.dir/src/state.cc.o [ 32%] Building CXX object ninja-upstream/CMakeFiles/libninja.dir/src/status_printer.cc.o [ 33%] Building CXX object ninja-upstream/CMakeFiles/libninja.dir/src/string_piece_util.cc.o [ 34%] Building CXX object ninja-upstream/CMakeFiles/libninja.dir/src/util.cc.o [ 35%] Building CXX object ninja-upstream/CMakeFiles/libninja.dir/src/version.cc.o [ 37%] Building CXX object ninja-upstream/CMakeFiles/libninja.dir/src/jobserver-posix.cc.o [ 38%] Building CXX object ninja-upstream/CMakeFiles/libninja.dir/src/subprocess-posix.cc.o /data/data/com.termux/files/usr/tmp/pip-install-mpw9pq2f/ninja_009cc7b8ca9147cdb1c72874ba2c5b29/ninja-upstream/src/subprocess-posix.cc:26:10: fatal error: 'spawn.h' file not found î¥» 26 | #include <spawn.h> | ^~~~~ 1 error generated. make[2]: *** [ninja-upstream/CMakeFiles/libninja.dir/build.make:471: ninja-upstream/CMakeFiles/libninja.dir/src/subprocess-posix.cc.o] Error 1 make[1]: *** [CMakeFiles/Makefile2:265: ninja-upstream/CMakeFiles/libninja.dir/all] Error 2 make: *** [Makefile:136: all] Error 2 *** CMake build failed [end of output] note: This error originates from a subprocess, and is likely not a problem with pip. ERROR: Failed building wheel for ninja Failed to build ninja error: failed-wheel-build-for-install Ã— Failed to build installable wheels for some pyproject.toml based projects â•°â”€> ninja [end of output] note: This error originates from a subprocess, and is likely not a problem with pip. error: subprocess-exited-with-error Ã— pip subprocess to install backend dependencies did not run successfully. â”‚ exit code: 1 â•°â”€> See above for output. note: This error originates from a subprocess, and is likely not a problem with pip. [end of output] note: This error originates from a subprocess, and is likely not a problem with pip. error: subprocess-exited-with-error Ã— pip subprocess to install build dependencies did not run successfully. â”‚ exit code: 1 â•°â”€> See above for output. note: This error originates from a subprocess, and is likely not a problem with pip. âŒ Error en instalaciÃ³n bÃ¡sica â„¹ï¸ Verifique su conexiÃ³n a internet [~/AdvancedPhisher]$